::1 - - [24/Jan/2018:11:17:26 +0000] "GET / HTTP/1.1" 200 272
::1 - - [24/Jan/2018:11:17:57 +0000] "GET /favicon.ico HTTP/1.1" 200 -
::1 - - [24/Jan/2018:11:17:43 +0000] "GET / HTTP/1.1" 200 242
::1 - - [24/Jan/2018:11:18:02 +0000] "GET / HTTP/1.1" 200 47440
::1 - - [24/Jan/2018:11:18:23 +0000] "POST /?wc-ajax=get_refreshed_fragments HTTP/1.1" 200 8158
::1 - - [24/Jan/2018:11:18:28 +0000] "GET /wp-content/uploads/2018/01/PayPall.png HTTP/1.1" 200 7720
::1 - - [24/Jan/2018:11:18:28 +0000] "GET /wp-content/uploads/2018/01/Check.png HTTP/1.1" 200 3055
::1 - - [24/Jan/2018:11:18:26 +0000] "GET /meios-de-pagamento/ HTTP/1.1" 200 47523
::1 - - [24/Jan/2018:11:18:14 +0000] "POST /wp-cron.php?doing_wp_cron=1516792694.3983740806579589843750 HTTP/1.1" 200 -
::1 - - [24/Jan/2018:11:19:03 +0000] "GET /wp-admin/ HTTP/1.1" 200 69066
::1 - - [24/Jan/2018:11:19:11 +0000] "POST /wp-admin/admin-ajax.php HTTP/1.1" 200 60
::1 - - [24/Jan/2018:11:19:17 +0000] "POST /wp-admin/admin-ajax.php HTTP/1.1" 200 1
::1 - - [24/Jan/2018:11:19:18 +0000] "POST /wp-admin/admin-ajax.php HTTP/1.1" 200 1
::1 - - [24/Jan/2018:11:19:22 +0000] "GET /wp-admin/themes.php HTTP/1.1" 200 60027
::1 - - [24/Jan/2018:11:19:25 +0000] "GET /wp-content/themes/i-craft/screenshot.png HTTP/1.1" 200 162964
::1 - - [24/Jan/2018:11:19:25 +0000] "GET /wp-content/themes/twentyfifteen/screenshot.png HTTP/1.1" 200 576231
::1 - - [24/Jan/2018:11:19:25 +0000] "GET /wp-content/themes/twentyseventeen/screenshot.png HTTP/1.1" 200 363833
::1 - - [24/Jan/2018:11:19:25 +0000] "GET /wp-content/themes/twentysixteen/screenshot.png HTTP/1.1" 200 463555
::1 - - [24/Jan/2018:11:19:25 +0000] "GET /wp-content/themes/tc-e-commerce-shop/screenshot.png HTTP/1.1" 200 486502
::1 - - [24/Jan/2018:11:19:25 +0000] "GET /wp-admin/load-scripts.php?c=1&load%5B%5D=hoverIntent,common,admin-bar,thickbox,underscore,backbone,wp-util,wp-backbone,wp-a11y,theme,updates,customize-base,customize-loa&load%5B%5D=der,svg-painter,heartbeat,wp-auth-check&ver=4.8.5 HTTP/1.1" 200 50962
::1 - - [24/Jan/2018:11:19:11 +0000] "GET /wp-admin/admin-ajax.php?action=dashboard-widgets&widget=dashboard_primary&pagenow=dashboard HTTP/1.1" 200 912
::1 - - [24/Jan/2018:11:19:27 +0000] "GET /wp-admin/edit.php?post_type=page HTTP/1.1" 200 84914
::1 - - [24/Jan/2018:11:19:31 +0000] "POST /wp-admin/admin-ajax.php HTTP/1.1" 200 47
::1 - - [24/Jan/2018:11:19:34 +0000] "POST /wp-admin/admin-ajax.php HTTP/1.1" 200 1
::1 - - [24/Jan/2018:11:19:35 +0000] "POST /wp-admin/admin-ajax.php HTTP/1.1" 200 1
::1 - - [24/Jan/2018:11:19:39 +0000] "GET /wp-admin/post.php?post=168&action=edit HTTP/1.1" 200 134560
::1 - - [24/Jan/2018:11:20:22 +0000] "POST /wp-admin/post.php HTTP/1.1" 302 -
::1 - - [24/Jan/2018:11:20:25 +0000] "GET /wp-admin/post.php?post=168&action=edit&message=1 HTTP/1.1" 200 135379
::1 - - [24/Jan/2018:11:20:28 +0000] "GET /wp-admin/admin-ajax.php?action=oembed-cache&post=168 HTTP/1.1" 200 1
::1 - - [24/Jan/2018:11:20:49 +0000] "POST /wp-admin/post.php HTTP/1.1" 302 -
::1 - - [24/Jan/2018:11:20:52 +0000] "GET /wp-admin/post.php?post=168&action=edit&message=1 HTTP/1.1" 200 135379
::1 - - [24/Jan/2018:11:20:54 +0000] "GET /wp-admin/admin-ajax.php?action=oembed-cache&post=168 HTTP/1.1" 200 1
::1 - - [24/Jan/2018:11:20:57 +0000] "POST /wp-admin/admin-ajax.php HTTP/1.1" 200 1
::1 - - [24/Jan/2018:11:20:58 +0000] "POST /wp-admin/admin-ajax.php HTTP/1.1" 200 1
::1 - - [24/Jan/2018:11:21:01 +0000] "GET /meios-de-pagamento/ HTTP/1.1" 200 47522
::1 - - [24/Jan/2018:11:21:03 +0000] "GET /wp-content/uploads/2018/01/logo-150x150.png HTTP/1.1" 200 6301
::1 - - [24/Jan/2018:11:21:55 +0000] "POST /wp-admin/admin-ajax.php HTTP/1.1" 200 47
::1 - - [24/Jan/2018:11:23:56 +0000] "POST /wp-admin/admin-ajax.php HTTP/1.1" 200 47
::1 - - [24/Jan/2018:11:25:41 +0000] "POST /wp-admin/admin-ajax.php HTTP/1.1" 200 47
::1 - - [24/Jan/2018:11:25:46 +0000] "GET / HTTP/1.1" 200 47440
::1 - - [24/Jan/2018:11:26:22 +0000] "GET /cart/ HTTP/1.1" 200 109261
::1 - - [24/Jan/2018:11:26:31 +0000] "GET /checkout/ HTTP/1.1" 200 120306
::1 - - [24/Jan/2018:11:26:34 +0000] "POST /?wc-ajax=update_order_review HTTP/1.1" 200 6071
::1 - - [24/Jan/2018:11:26:42 +0000] "GET /wp-content/uploads/2018/01/Gel-de-Banho-Loreal-1-1-300x300.jpg HTTP/1.1" 200 6733
::1 - - [24/Jan/2018:11:26:42 +0000] "GET /wp-content/uploads/2018/01/Conjunto-de-Cabelo-300x291.jpg HTTP/1.1" 200 19257
::1 - - [24/Jan/2018:11:26:42 +0000] "GET /wp-content/uploads/2018/01/Creme-de-Cabelo-Loreal-1.jpg HTTP/1.1" 200 15899
::1 - - [24/Jan/2018:11:26:42 +0000] "GET /wp-content/uploads/2018/01/Conjunto-cachos-300x300.jpg HTTP/1.1" 200 29224
::1 - - [24/Jan/2018:11:26:42 +0000] "GET /wp-content/uploads/2018/01/download-1.jpg HTTP/1.1" 200 6176
::1 - - [24/Jan/2018:11:26:42 +0000] "GET /wp-content/uploads/2018/01/Champo-de-Amaciador-Loreal-292x300.jpg HTTP/1.1" 200 15037
::1 - - [24/Jan/2018:11:26:40 +0000] "GET /shop/ HTTP/1.1" 200 48421
::1 - - [24/Jan/2018:11:26:50 +0000] "GET /about/ HTTP/1.1" 200 47731
::1 - - [24/Jan/2018:11:27:42 +0000] "POST /wp-admin/admin-ajax.php HTTP/1.1" 200 47
::1 - - [24/Jan/2018:11:29:35 +0000] "POST /wp-admin/admin-ajax.php HTTP/1.1" 200 47
::1 - - [24/Jan/2018:11:29:38 +0000] "GET /wp-admin/edit.php?post_type=page HTTP/1.1" 200 84914
::1 - - [24/Jan/2018:11:29:41 +0000] "POST /wp-admin/admin-ajax.php HTTP/1.1" 200 1
::1 - - [24/Jan/2018:11:29:41 +0000] "POST /wp-admin/admin-ajax.php HTTP/1.1" 200 47
::1 - - [24/Jan/2018:11:29:47 +0000] "GET /wp-admin/post.php?post=109&action=edit HTTP/1.1" 200 131456
::1 - - [24/Jan/2018:11:29:53 +0000] "POST /wp-admin/admin-ajax.php HTTP/1.1" 200 1
::1 - - [24/Jan/2018:11:29:54 +0000] "POST /wp-admin/admin-ajax.php HTTP/1.1" 200 1
::1 - - [24/Jan/2018:11:30:17 +0000] "GET /wp-admin/edit.php?post_type=page HTTP/1.1" 200 84914
::1 - - [24/Jan/2018:11:30:18 +0000] "POST /wp-admin/admin-ajax.php HTTP/1.1" 200 1
::1 - - [24/Jan/2018:11:30:19 +0000] "POST /wp-admin/admin-ajax.php HTTP/1.1" 200 47
::1 - - [24/Jan/2018:11:30:30 +0000] "GET /wp-admin/post.php?post=111&action=edit HTTP/1.1" 200 126743
::1 - - [24/Jan/2018:11:30:44 +0000] "GET /wp-admin/edit.php?post_type=page HTTP/1.1" 200 84914
::1 - - [24/Jan/2018:11:30:45 +0000] "POST /wp-admin/admin-ajax.php HTTP/1.1" 200 1
::1 - - [24/Jan/2018:11:30:45 +0000] "POST /wp-admin/admin-ajax.php HTTP/1.1" 200 47
::1 - - [24/Jan/2018:11:30:53 +0000] "GET /wp-admin/post.php?post=63&action=edit HTTP/1.1" 200 136589
::1 - - [24/Jan/2018:11:31:39 +0000] "POST /wp-admin/post.php HTTP/1.1" 302 -
::1 - - [24/Jan/2018:11:31:41 +0000] "GET /wp-admin/post.php?post=63&action=edit&message=1 HTTP/1.1" 200 137403
::1 - - [24/Jan/2018:11:31:42 +0000] "GET /wp-admin/admin-ajax.php?action=oembed-cache&post=63 HTTP/1.1" 200 1
::1 - - [24/Jan/2018:11:31:45 +0000] "POST /wp-admin/admin-ajax.php HTTP/1.1" 200 1
::1 - - [24/Jan/2018:11:31:47 +0000] "POST /wp-admin/admin-ajax.php HTTP/1.1" 200 1
::1 - - [24/Jan/2018:12:26:32 +0000] "POST /wp-cron.php?doing_wp_cron=1516796792.2904140949249267578125 HTTP/1.1" 200 -
::1 - - [24/Jan/2018:12:26:31 +0000] "POST /wp-admin/admin-ajax.php HTTP/1.1" 200 280
::1 - - [24/Jan/2018:12:28:32 +0000] "POST /wp-admin/admin-ajax.php HTTP/1.1" 200 47
::1 - - [24/Jan/2018:12:30:33 +0000] "POST /wp-admin/admin-ajax.php HTTP/1.1" 200 47
::1 - - [24/Jan/2018:12:32:34 +0000] "POST /wp-admin/admin-ajax.php HTTP/1.1" 200 47
::1 - - [24/Jan/2018:12:34:35 +0000] "POST /wp-admin/admin-ajax.php HTTP/1.1" 200 47
::1 - - [24/Jan/2018:12:36:36 +0000] "POST /wp-admin/admin-ajax.php HTTP/1.1" 200 47
::1 - - [24/Jan/2018:12:38:37 +0000] "POST /wp-admin/admin-ajax.php HTTP/1.1" 200 47
::1 - - [24/Jan/2018:12:40:38 +0000] "POST /wp-admin/admin-ajax.php HTTP/1.1" 200 47
::1 - - [24/Jan/2018:12:42:39 +0000] "POST /wp-admin/admin-ajax.php HTTP/1.1" 200 47
::1 - - [24/Jan/2018:12:44:39 +0000] "POST /wp-admin/admin-ajax.php HTTP/1.1" 200 47
::1 - - [24/Jan/2018:12:46:40 +0000] "POST /wp-admin/admin-ajax.php HTTP/1.1" 200 47
::1 - - [24/Jan/2018:12:48:41 +0000] "POST /wp-admin/admin-ajax.php HTTP/1.1" 200 47
::1 - - [24/Jan/2018:12:50:42 +0000] "POST /wp-admin/admin-ajax.php HTTP/1.1" 200 47
::1 - - [24/Jan/2018:12:52:43 +0000] "POST /wp-admin/admin-ajax.php HTTP/1.1" 200 47
::1 - - [24/Jan/2018:12:54:43 +0000] "POST /wp-admin/admin-ajax.php HTTP/1.1" 200 47
::1 - - [24/Jan/2018:12:56:44 +0000] "POST /wp-admin/admin-ajax.php HTTP/1.1" 200 47
::1 - - [24/Jan/2018:12:58:44 +0000] "POST /wp-admin/admin-ajax.php HTTP/1.1" 200 47
::1 - - [24/Jan/2018:13:00:45 +0000] "POST /wp-admin/admin-ajax.php HTTP/1.1" 200 47
::1 - - [24/Jan/2018:13:02:47 +0000] "POST /wp-admin/admin-ajax.php HTTP/1.1" 200 47
::1 - - [24/Jan/2018:13:04:47 +0000] "POST /wp-admin/admin-ajax.php HTTP/1.1" 200 47
::1 - - [24/Jan/2018:13:06:48 +0000] "POST /wp-admin/admin-ajax.php HTTP/1.1" 200 47
::1 - - [24/Jan/2018:13:08:49 +0000] "POST /wp-admin/admin-ajax.php HTTP/1.1" 200 47
::1 - - [24/Jan/2018:13:10:50 +0000] "POST /wp-admin/admin-ajax.php HTTP/1.1" 200 47
::1 - - [24/Jan/2018:13:12:51 +0000] "POST /wp-admin/admin-ajax.php HTTP/1.1" 200 47
::1 - - [24/Jan/2018:13:14:52 +0000] "POST /wp-admin/admin-ajax.php HTTP/1.1" 200 47
::1 - - [24/Jan/2018:13:16:53 +0000] "POST /wp-admin/admin-ajax.php HTTP/1.1" 200 47
::1 - - [24/Jan/2018:13:18:54 +0000] "POST /wp-admin/admin-ajax.php HTTP/1.1" 200 47
::1 - - [24/Jan/2018:13:20:55 +0000] "POST /wp-admin/admin-ajax.php HTTP/1.1" 200 47
::1 - - [24/Jan/2018:16:20:23 +0000] "POST /wp-admin/admin-ajax.php HTTP/1.1" 200 47
::1 - - [24/Jan/2018:16:20:24 +0000] "POST /wp-cron.php?doing_wp_cron=1516810824.3691530227661132812500 HTTP/1.1" 200 -
::1 - - [24/Jan/2018:16:22:24 +0000] "POST /wp-admin/admin-ajax.php HTTP/1.1" 200 47
::1 - - [24/Jan/2018:16:24:25 +0000] "POST /wp-admin/admin-ajax.php HTTP/1.1" 200 47
::1 - - [24/Jan/2018:16:26:26 +0000] "POST /wp-admin/admin-ajax.php HTTP/1.1" 200 47
::1 - - [24/Jan/2018:16:28:27 +0000] "POST /wp-admin/admin-ajax.php HTTP/1.1" 200 47
::1 - - [24/Jan/2018:16:30:28 +0000] "POST /wp-admin/admin-ajax.php HTTP/1.1" 200 47
::1 - - [24/Jan/2018:16:32:29 +0000] "POST /wp-admin/admin-ajax.php HTTP/1.1" 200 47
::1 - - [24/Jan/2018:16:34:30 +0000] "POST /wp-admin/admin-ajax.php HTTP/1.1" 200 47
::1 - - [24/Jan/2018:16:36:31 +0000] "POST /wp-admin/admin-ajax.php HTTP/1.1" 200 47
::1 - - [24/Jan/2018:16:38:32 +0000] "POST /wp-admin/admin-ajax.php HTTP/1.1" 200 47
::1 - - [24/Jan/2018:16:40:33 +0000] "POST /wp-admin/admin-ajax.php HTTP/1.1" 200 47
::1 - - [24/Jan/2018:16:42:34 +0000] "POST /wp-admin/admin-ajax.php HTTP/1.1" 200 47
::1 - - [24/Jan/2018:16:44:35 +0000] "POST /wp-admin/admin-ajax.php HTTP/1.1" 200 47
::1 - - [24/Jan/2018:16:46:36 +0000] "POST /wp-admin/admin-ajax.php HTTP/1.1" 200 47
::1 - - [24/Jan/2018:16:48:37 +0000] "POST /wp-admin/admin-ajax.php HTTP/1.1" 200 47
::1 - - [24/Jan/2018:16:50:38 +0000] "POST /wp-admin/admin-ajax.php HTTP/1.1" 200 47
::1 - - [24/Jan/2018:16:52:39 +0000] "POST /wp-admin/admin-ajax.php HTTP/1.1" 200 47
::1 - - [24/Jan/2018:16:54:40 +0000] "POST /wp-admin/admin-ajax.php HTTP/1.1" 200 47
::1 - - [24/Jan/2018:16:56:41 +0000] "POST /wp-admin/admin-ajax.php HTTP/1.1" 200 47
::1 - - [24/Jan/2018:16:58:42 +0000] "POST /wp-admin/admin-ajax.php HTTP/1.1" 200 47
::1 - - [24/Jan/2018:17:00:43 +0000] "POST /wp-admin/admin-ajax.php HTTP/1.1" 200 47
::1 - - [24/Jan/2018:17:02:44 +0000] "POST /wp-admin/admin-ajax.php HTTP/1.1" 200 47
::1 - - [24/Jan/2018:17:04:45 +0000] "POST /wp-admin/admin-ajax.php HTTP/1.1" 200 47
::1 - - [24/Jan/2018:17:06:46 +0000] "POST /wp-admin/admin-ajax.php HTTP/1.1" 200 47
::1 - - [24/Jan/2018:17:08:47 +0000] "POST /wp-admin/admin-ajax.php HTTP/1.1" 200 47
::1 - - [24/Jan/2018:17:10:48 +0000] "POST /wp-admin/admin-ajax.php HTTP/1.1" 200 47
::1 - - [24/Jan/2018:17:12:49 +0000] "POST /wp-admin/admin-ajax.php HTTP/1.1" 200 47
::1 - - [24/Jan/2018:17:14:50 +0000] "POST /wp-admin/admin-ajax.php HTTP/1.1" 200 47
::1 - - [24/Jan/2018:17:16:51 +0000] "POST /wp-admin/admin-ajax.php HTTP/1.1" 200 47
::1 - - [24/Jan/2018:17:18:52 +0000] "POST /wp-admin/admin-ajax.php HTTP/1.1" 200 47
::1 - - [24/Jan/2018:17:20:54 +0000] "POST /wp-cron.php?doing_wp_cron=1516814454.2668850421905517578125 HTTP/1.1" 200 -
::1 - - [24/Jan/2018:17:20:53 +0000] "POST /wp-admin/admin-ajax.php HTTP/1.1" 200 47
::1 - - [24/Jan/2018:17:22:54 +0000] "POST /wp-admin/admin-ajax.php HTTP/1.1" 200 47
::1 - - [24/Jan/2018:17:24:55 +0000] "POST /wp-admin/admin-ajax.php HTTP/1.1" 200 47
::1 - - [24/Jan/2018:17:26:56 +0000] "POST /wp-admin/admin-ajax.php HTTP/1.1" 200 47
::1 - - [24/Jan/2018:17:28:57 +0000] "POST /wp-admin/admin-ajax.php HTTP/1.1" 200 47
::1 - - [24/Jan/2018:17:30:58 +0000] "POST /wp-admin/admin-ajax.php HTTP/1.1" 200 47
::1 - - [24/Jan/2018:17:32:58 +0000] "POST /wp-admin/admin-ajax.php HTTP/1.1" 200 47
::1 - - [24/Jan/2018:17:34:59 +0000] "POST /wp-admin/admin-ajax.php HTTP/1.1" 200 47
::1 - - [24/Jan/2018:17:37:00 +0000] "POST /wp-admin/admin-ajax.php HTTP/1.1" 200 47
::1 - - [24/Jan/2018:17:39:01 +0000] "POST /wp-admin/admin-ajax.php HTTP/1.1" 200 47
::1 - - [24/Jan/2018:17:41:02 +0000] "POST /wp-admin/admin-ajax.php HTTP/1.1" 200 47
::1 - - [24/Jan/2018:17:43:03 +0000] "POST /wp-admin/admin-ajax.php HTTP/1.1" 200 47
::1 - - [24/Jan/2018:17:45:04 +0000] "POST /wp-admin/admin-ajax.php HTTP/1.1" 200 47
::1 - - [24/Jan/2018:17:47:05 +0000] "POST /wp-admin/admin-ajax.php HTTP/1.1" 200 47
::1 - - [24/Jan/2018:17:49:06 +0000] "POST /wp-admin/admin-ajax.php HTTP/1.1" 200 47
::1 - - [24/Jan/2018:17:51:06 +0000] "POST /wp-admin/admin-ajax.php HTTP/1.1" 200 47
::1 - - [24/Jan/2018:17:53:07 +0000] "POST /wp-admin/admin-ajax.php HTTP/1.1" 200 47
::1 - - [24/Jan/2018:17:55:08 +0000] "POST /wp-admin/admin-ajax.php HTTP/1.1" 200 47
::1 - - [24/Jan/2018:17:57:09 +0000] "POST /wp-admin/admin-ajax.php HTTP/1.1" 200 47
::1 - - [24/Jan/2018:18:01:02 +0000] "GET / HTTP/1.1" 200 39483
::1 - - [24/Jan/2018:18:01:05 +0000] "POST /?wc-ajax=get_refreshed_fragments HTTP/1.1" 200 275
